<?xml version="1.0" encoding="UTF-8"?>
<!-- Generated by org.testng.reporters.JUnitReportReporter -->
<testsuite hostname="LAPTOP-49B0KU7E" failures="0" tests="1" name="testPackage.OrangeHRMtestClass" time="0.131" errors="0" timestamp="2025-01-10T19:01:42 IST" skipped="0">
  <testcase classname="testPackage.OrangeHRMtestClass" name="test" time="0.131"/>
  <system-out/>
</testsuite> <!-- testPackage.OrangeHRMtestClass -->
